[2.568s] Invoking command in '/home/trana41/irobot_ws/src/nav_pkg': PYTHONPATH=/home/trana41/irobot_ws/build/nav_pkg/prefix_override:/home/trana41/irobot_ws/install/nav_pkg/lib/python3.10/site-packages:${PYTHONPATH} /usr/bin/python3 setup.py egg_info --egg-base ../../build/nav_pkg build --build-base /home/trana41/irobot_ws/build/nav_pkg/build install --record /home/trana41/irobot_ws/build/nav_pkg/install.log --single-version-externally-managed
[3.656s] running egg_info
[3.658s] writing ../../build/nav_pkg/nav_pkg.egg-info/PKG-INFO
[3.659s] writing dependency_links to ../../build/nav_pkg/nav_pkg.egg-info/dependency_links.txt
[3.708s] writing entry points to ../../build/nav_pkg/nav_pkg.egg-info/entry_points.txt
[3.709s] writing requirements to ../../build/nav_pkg/nav_pkg.egg-info/requires.txt
[3.710s] writing top-level names to ../../build/nav_pkg/nav_pkg.egg-info/top_level.txt
[3.710s] reading manifest file '../../build/nav_pkg/nav_pkg.egg-info/SOURCES.txt'
[3.711s] writing manifest file '../../build/nav_pkg/nav_pkg.egg-info/SOURCES.txt'
[3.712s] running build
[3.712s] running build_py
[3.712s] running install
[3.713s] running install_lib
[3.713s] running install_data
[3.714s] copying package.xml -> /home/trana41/irobot_ws/install/nav_pkg/share/nav_pkg
[3.714s] running install_egg_info
[3.714s] removing '/home/trana41/irobot_ws/install/nav_pkg/lib/python3.10/site-packages/nav_pkg-0.0.0-py3.10.egg-info' (and everything under it)
[3.721s] Copying ../../build/nav_pkg/nav_pkg.egg-info to /home/trana41/irobot_ws/install/nav_pkg/lib/python3.10/site-packages/nav_pkg-0.0.0-py3.10.egg-info
[3.743s] running install_scripts
[3.806s] Installing basic_navigation script to /home/trana41/irobot_ws/install/nav_pkg/lib/nav_pkg
[3.808s] writing list of installed files to '/home/trana41/irobot_ws/build/nav_pkg/install.log'
[3.908s] Invoked command in '/home/trana41/irobot_ws/src/nav_pkg' returned '0': PYTHONPATH=/home/trana41/irobot_ws/build/nav_pkg/prefix_override:/home/trana41/irobot_ws/install/nav_pkg/lib/python3.10/site-packages:${PYTHONPATH} /usr/bin/python3 setup.py egg_info --egg-base ../../build/nav_pkg build --build-base /home/trana41/irobot_ws/build/nav_pkg/build install --record /home/trana41/irobot_ws/build/nav_pkg/install.log --single-version-externally-managed
