[2.477s] Invoking command in '/home/trana41/irobot_ws/src/nav_pkg': PYTHONPATH=/home/trana41/irobot_ws/build/nav_pkg/prefix_override:/home/trana41/irobot_ws/install/nav_pkg/lib/python3.10/site-packages:${PYTHONPATH} /usr/bin/python3 setup.py egg_info --egg-base ../../build/nav_pkg build --build-base /home/trana41/irobot_ws/build/nav_pkg/build install --record /home/trana41/irobot_ws/build/nav_pkg/install.log --single-version-externally-managed
[3.252s] running egg_info
[3.253s] creating ../../build/nav_pkg/nav_pkg.egg-info
[3.254s] writing ../../build/nav_pkg/nav_pkg.egg-info/PKG-INFO
[3.257s] writing dependency_links to ../../build/nav_pkg/nav_pkg.egg-info/dependency_links.txt
[3.308s] writing entry points to ../../build/nav_pkg/nav_pkg.egg-info/entry_points.txt
[3.310s] writing requirements to ../../build/nav_pkg/nav_pkg.egg-info/requires.txt
[3.313s] writing top-level names to ../../build/nav_pkg/nav_pkg.egg-info/top_level.txt
[3.322s] writing manifest file '../../build/nav_pkg/nav_pkg.egg-info/SOURCES.txt'
[3.328s] reading manifest file '../../build/nav_pkg/nav_pkg.egg-info/SOURCES.txt'
[3.331s] writing manifest file '../../build/nav_pkg/nav_pkg.egg-info/SOURCES.txt'
[3.332s] running build
[3.333s] running build_py
[3.333s] creating /home/trana41/irobot_ws/build/nav_pkg/build
[3.334s] creating /home/trana41/irobot_ws/build/nav_pkg/build/lib
[3.334s] creating /home/trana41/irobot_ws/build/nav_pkg/build/lib/nav_pkg
[3.335s] copying nav_pkg/__init__.py -> /home/trana41/irobot_ws/build/nav_pkg/build/lib/nav_pkg
[3.336s] copying nav_pkg/navigation_node.py -> /home/trana41/irobot_ws/build/nav_pkg/build/lib/nav_pkg
[3.339s] running install
[3.340s] running install_lib
[3.342s] creating /home/trana41/irobot_ws/install/nav_pkg/lib/python3.10/site-packages/nav_pkg
[3.343s] copying /home/trana41/irobot_ws/build/nav_pkg/build/lib/nav_pkg/__init__.py -> /home/trana41/irobot_ws/install/nav_pkg/lib/python3.10/site-packages/nav_pkg
[3.344s] copying /home/trana41/irobot_ws/build/nav_pkg/build/lib/nav_pkg/navigation_node.py -> /home/trana41/irobot_ws/install/nav_pkg/lib/python3.10/site-packages/nav_pkg
[3.350s] byte-compiling /home/trana41/irobot_ws/install/nav_pkg/lib/python3.10/site-packages/nav_pkg/__init__.py to __init__.cpython-310.pyc
[3.354s] byte-compiling /home/trana41/irobot_ws/install/nav_pkg/lib/python3.10/site-packages/nav_pkg/navigation_node.py to navigation_node.cpython-310.pyc
[3.363s] running install_data
[3.365s] creating /home/trana41/irobot_ws/install/nav_pkg/share/ament_index
[3.366s] creating /home/trana41/irobot_ws/install/nav_pkg/share/ament_index/resource_index
[3.366s] creating /home/trana41/irobot_ws/install/nav_pkg/share/ament_index/resource_index/packages
[3.366s] copying resource/nav_pkg -> /home/trana41/irobot_ws/install/nav_pkg/share/ament_index/resource_index/packages
[3.368s] copying package.xml -> /home/trana41/irobot_ws/install/nav_pkg/share/nav_pkg
[3.371s] running install_egg_info
[3.376s] Copying ../../build/nav_pkg/nav_pkg.egg-info to /home/trana41/irobot_ws/install/nav_pkg/lib/python3.10/site-packages/nav_pkg-0.0.0-py3.10.egg-info
[3.414s] running install_scripts
[3.467s] Installing py_node script to /home/trana41/irobot_ws/install/nav_pkg/lib/nav_pkg
[3.470s] writing list of installed files to '/home/trana41/irobot_ws/build/nav_pkg/install.log'
[3.577s] Invoked command in '/home/trana41/irobot_ws/src/nav_pkg' returned '0': PYTHONPATH=/home/trana41/irobot_ws/build/nav_pkg/prefix_override:/home/trana41/irobot_ws/install/nav_pkg/lib/python3.10/site-packages:${PYTHONPATH} /usr/bin/python3 setup.py egg_info --egg-base ../../build/nav_pkg build --build-base /home/trana41/irobot_ws/build/nav_pkg/build install --record /home/trana41/irobot_ws/build/nav_pkg/install.log --single-version-externally-managed
