[2.919s] Invoking command in '/home/trana41/irobot_ws/src/nav_pkg': PYTHONPATH=/home/trana41/irobot_ws/build/nav_pkg/prefix_override:/home/trana41/irobot_ws/install/nav_pkg/lib/python3.10/site-packages:${PYTHONPATH} /usr/bin/python3 setup.py egg_info --egg-base ../../build/nav_pkg build --build-base /home/trana41/irobot_ws/build/nav_pkg/build install --record /home/trana41/irobot_ws/build/nav_pkg/install.log --single-version-externally-managed
[4.459s] running egg_info
[4.462s] writing ../../build/nav_pkg/nav_pkg.egg-info/PKG-INFO
[4.463s] writing dependency_links to ../../build/nav_pkg/nav_pkg.egg-info/dependency_links.txt
[4.513s] writing entry points to ../../build/nav_pkg/nav_pkg.egg-info/entry_points.txt
[4.514s] writing requirements to ../../build/nav_pkg/nav_pkg.egg-info/requires.txt
[4.515s] writing top-level names to ../../build/nav_pkg/nav_pkg.egg-info/top_level.txt
[4.516s] reading manifest file '../../build/nav_pkg/nav_pkg.egg-info/SOURCES.txt'
[4.518s] writing manifest file '../../build/nav_pkg/nav_pkg.egg-info/SOURCES.txt'
[4.519s] running build
[4.520s] running build_py
[4.521s] copying nav_pkg/basic_navigation.py -> /home/trana41/irobot_ws/build/nav_pkg/build/lib/nav_pkg
[4.522s] running install
[4.523s] running install_lib
[4.523s] copying /home/trana41/irobot_ws/build/nav_pkg/build/lib/nav_pkg/basic_navigation.py -> /home/trana41/irobot_ws/install/nav_pkg/lib/python3.10/site-packages/nav_pkg
[4.524s] byte-compiling /home/trana41/irobot_ws/install/nav_pkg/lib/python3.10/site-packages/nav_pkg/basic_navigation.py to basic_navigation.cpython-310.pyc
[4.541s] running install_data
[4.544s] running install_egg_info
[4.554s] removing '/home/trana41/irobot_ws/install/nav_pkg/lib/python3.10/site-packages/nav_pkg-0.0.0-py3.10.egg-info' (and everything under it)
[4.585s] Copying ../../build/nav_pkg/nav_pkg.egg-info to /home/trana41/irobot_ws/install/nav_pkg/lib/python3.10/site-packages/nav_pkg-0.0.0-py3.10.egg-info
[4.622s] running install_scripts
[4.735s] Installing basic_navigation script to /home/trana41/irobot_ws/install/nav_pkg/lib/nav_pkg
[4.738s] writing list of installed files to '/home/trana41/irobot_ws/build/nav_pkg/install.log'
[4.878s] Invoked command in '/home/trana41/irobot_ws/src/nav_pkg' returned '0': PYTHONPATH=/home/trana41/irobot_ws/build/nav_pkg/prefix_override:/home/trana41/irobot_ws/install/nav_pkg/lib/python3.10/site-packages:${PYTHONPATH} /usr/bin/python3 setup.py egg_info --egg-base ../../build/nav_pkg build --build-base /home/trana41/irobot_ws/build/nav_pkg/build install --record /home/trana41/irobot_ws/build/nav_pkg/install.log --single-version-externally-managed
