[2.636s] Invoking command in '/home/trana41/irobot_ws/src/nav_pkg': PYTHONPATH=/home/trana41/irobot_ws/build/nav_pkg/prefix_override:/home/trana41/irobot_ws/install/nav_pkg/lib/python3.10/site-packages:${PYTHONPATH} /usr/bin/python3 setup.py egg_info --egg-base ../../build/nav_pkg build --build-base /home/trana41/irobot_ws/build/nav_pkg/build install --record /home/trana41/irobot_ws/build/nav_pkg/install.log --single-version-externally-managed
[3.595s] running egg_info
[3.598s] writing ../../build/nav_pkg/nav_pkg.egg-info/PKG-INFO
[3.599s] writing dependency_links to ../../build/nav_pkg/nav_pkg.egg-info/dependency_links.txt
[3.600s] writing entry points to ../../build/nav_pkg/nav_pkg.egg-info/entry_points.txt
[3.601s] writing requirements to ../../build/nav_pkg/nav_pkg.egg-info/requires.txt
[3.601s] writing top-level names to ../../build/nav_pkg/nav_pkg.egg-info/top_level.txt
[3.613s] reading manifest file '../../build/nav_pkg/nav_pkg.egg-info/SOURCES.txt'
[3.616s] writing manifest file '../../build/nav_pkg/nav_pkg.egg-info/SOURCES.txt'
[3.617s] running build
[3.617s] running build_py
[3.618s] copying nav_pkg/basic_navigation.py -> /home/trana41/irobot_ws/build/nav_pkg/build/lib/nav_pkg
[3.620s] running install
[3.621s] running install_lib
[3.623s] copying /home/trana41/irobot_ws/build/nav_pkg/build/lib/nav_pkg/basic_navigation.py -> /home/trana41/irobot_ws/install/nav_pkg/lib/python3.10/site-packages/nav_pkg
[3.630s] byte-compiling /home/trana41/irobot_ws/install/nav_pkg/lib/python3.10/site-packages/nav_pkg/basic_navigation.py to basic_navigation.cpython-310.pyc
[3.640s] running install_data
[3.642s] running install_egg_info
[3.647s] removing '/home/trana41/irobot_ws/install/nav_pkg/lib/python3.10/site-packages/nav_pkg-0.0.0-py3.10.egg-info' (and everything under it)
[3.663s] Copying ../../build/nav_pkg/nav_pkg.egg-info to /home/trana41/irobot_ws/install/nav_pkg/lib/python3.10/site-packages/nav_pkg-0.0.0-py3.10.egg-info
[3.685s] running install_scripts
[3.746s] Installing basic_navigation script to /home/trana41/irobot_ws/install/nav_pkg/lib/nav_pkg
[3.748s] writing list of installed files to '/home/trana41/irobot_ws/build/nav_pkg/install.log'
[3.849s] Invoked command in '/home/trana41/irobot_ws/src/nav_pkg' returned '0': PYTHONPATH=/home/trana41/irobot_ws/build/nav_pkg/prefix_override:/home/trana41/irobot_ws/install/nav_pkg/lib/python3.10/site-packages:${PYTHONPATH} /usr/bin/python3 setup.py egg_info --egg-base ../../build/nav_pkg build --build-base /home/trana41/irobot_ws/build/nav_pkg/build install --record /home/trana41/irobot_ws/build/nav_pkg/install.log --single-version-externally-managed
