[1.159s] Invoking command in '/home/trana41/irobot_ws/src/nav_pkg': PYTHONPATH=/home/trana41/irobot_ws/build/nav_pkg/prefix_override:/home/trana41/irobot_ws/install/nav_pkg/lib/python3.10/site-packages:${PYTHONPATH} /usr/bin/python3 setup.py egg_info --egg-base ../../build/nav_pkg build --build-base /home/trana41/irobot_ws/build/nav_pkg/build install --record /home/trana41/irobot_ws/build/nav_pkg/install.log --single-version-externally-managed
[1.569s] running egg_info
[1.570s] writing ../../build/nav_pkg/nav_pkg.egg-info/PKG-INFO
[1.571s] writing dependency_links to ../../build/nav_pkg/nav_pkg.egg-info/dependency_links.txt
[1.579s] writing entry points to ../../build/nav_pkg/nav_pkg.egg-info/entry_points.txt
[1.579s] writing requirements to ../../build/nav_pkg/nav_pkg.egg-info/requires.txt
[1.580s] writing top-level names to ../../build/nav_pkg/nav_pkg.egg-info/top_level.txt
[1.580s] reading manifest file '../../build/nav_pkg/nav_pkg.egg-info/SOURCES.txt'
[1.581s] writing manifest file '../../build/nav_pkg/nav_pkg.egg-info/SOURCES.txt'
[1.581s] running build
[1.581s] running build_py
[1.582s] copying nav_pkg/basic_navigation_2.py -> /home/trana41/irobot_ws/build/nav_pkg/build/lib/nav_pkg
[1.584s] running install
[1.584s] running install_lib
[1.585s] copying /home/trana41/irobot_ws/build/nav_pkg/build/lib/nav_pkg/basic_navigation_2.py -> /home/trana41/irobot_ws/install/nav_pkg/lib/python3.10/site-packages/nav_pkg
[1.589s] byte-compiling /home/trana41/irobot_ws/install/nav_pkg/lib/python3.10/site-packages/nav_pkg/basic_navigation_2.py to basic_navigation_2.cpython-310.pyc
[1.593s] running install_data
[1.594s] running install_egg_info
[1.596s] removing '/home/trana41/irobot_ws/install/nav_pkg/lib/python3.10/site-packages/nav_pkg-0.0.0-py3.10.egg-info' (and everything under it)
[1.603s] Copying ../../build/nav_pkg/nav_pkg.egg-info to /home/trana41/irobot_ws/install/nav_pkg/lib/python3.10/site-packages/nav_pkg-0.0.0-py3.10.egg-info
[1.616s] running install_scripts
[1.647s] Installing basic_navigation script to /home/trana41/irobot_ws/install/nav_pkg/lib/nav_pkg
[1.647s] writing list of installed files to '/home/trana41/irobot_ws/build/nav_pkg/install.log'
[1.679s] Invoked command in '/home/trana41/irobot_ws/src/nav_pkg' returned '0': PYTHONPATH=/home/trana41/irobot_ws/build/nav_pkg/prefix_override:/home/trana41/irobot_ws/install/nav_pkg/lib/python3.10/site-packages:${PYTHONPATH} /usr/bin/python3 setup.py egg_info --egg-base ../../build/nav_pkg build --build-base /home/trana41/irobot_ws/build/nav_pkg/build install --record /home/trana41/irobot_ws/build/nav_pkg/install.log --single-version-externally-managed
