[9.609s] DEBUG:colcon:Command line arguments: ['/home/trana41/.local/bin/colcon', 'build']
[9.609s] DEBUG:colcon:Parsed command line arguments: Namespace(log_base=None, log_level=None, verb_name='build', build_base='build', install_base='install', merge_install=False, symlink_install=False, test_result_base=None, continue_on_error=False, executor='parallel', parallel_workers=8, event_handlers=None, ignore_user_meta=False, metas=['./colcon.meta'], base_paths=['.'], packages_ignore=None, packages_ignore_regex=None, paths=None, packages_up_to=None, packages_up_to_regex=None, packages_above=None, packages_above_and_dependencies=None, packages_above_depth=None, packages_select_by_dep=None, packages_skip_by_dep=None, packages_skip_up_to=None, packages_select_build_failed=False, packages_skip_build_finished=False, packages_select_test_failures=False, packages_skip_test_passed=False, packages_select=None, packages_skip=None, packages_select_regex=None, packages_skip_regex=None, packages_start=None, packages_end=None, allow_overriding=[], cmake_args=None, cmake_target=None, cmake_target_skip_unavailable=False, cmake_clean_cache=False, cmake_clean_first=False, cmake_force_configure=False, ament_cmake_args=None, catkin_cmake_args=None, catkin_skip_building_tests=False, verb_parser=<colcon_defaults.argument_parser.defaults.DefaultArgumentsDecorator object at 0x7f6a98ffa860>, verb_extension=<colcon_core.verb.build.BuildVerb object at 0x7f6a98ffadd0>, main=<bound method BuildVerb.main of <colcon_core.verb.build.BuildVerb object at 0x7f6a98ffadd0>>)
[10.521s] Level 1:colcon.colcon_core.package_discovery:discover_packages(colcon_meta) check parameters
[10.521s] Level 1:colcon.colcon_core.package_discovery:discover_packages(recursive) check parameters
[10.522s] Level 1:colcon.colcon_core.package_discovery:discover_packages(ignore) check parameters
[10.522s] Level 1:colcon.colcon_core.package_discovery:discover_packages(path) check parameters
[10.522s] Level 1:colcon.colcon_core.package_discovery:discover_packages(colcon_meta) discover
[10.522s] Level 1:colcon.colcon_core.package_discovery:discover_packages(recursive) discover
[10.523s] INFO:colcon.colcon_core.package_discovery:Crawling recursively for packages in '/home/trana41/irobot_ws'
[10.524s] Level 1:colcon.colcon_core.package_identification:_identify(.) by extensions ['ignore', 'ignore_ament_install']
[10.525s] Level 1:colcon.colcon_core.package_identification:_identify(.) by extension 'ignore'
[10.525s] Level 1:colcon.colcon_core.package_identification:_identify(.) by extension 'ignore_ament_install'
[10.526s] Level 1:colcon.colcon_core.package_identification:_identify(.) by extensions ['colcon_pkg']
[10.526s] Level 1:colcon.colcon_core.package_identification:_identify(.) by extension 'colcon_pkg'
[10.526s] Level 1:colcon.colcon_core.package_identification:_identify(.) by extensions ['colcon_meta']
[10.527s] Level 1:colcon.colcon_core.package_identification:_identify(.) by extension 'colcon_meta'
[10.527s] Level 1:colcon.colcon_core.package_identification:_identify(.) by extensions ['ros']
[10.527s] Level 1:colcon.colcon_core.package_identification:_identify(.) by extension 'ros'
[10.753s] Level 1:colcon.colcon_core.package_identification:_identify(.) by extensions ['cmake', 'python']
[10.754s] Level 1:colcon.colcon_core.package_identification:_identify(.) by extension 'cmake'
[10.754s] Level 1:colcon.colcon_core.package_identification:_identify(.) by extension 'python'
[10.754s] Level 1:colcon.colcon_core.package_identification:_identify(.) by extensions ['python_setup_py']
[10.754s] Level 1:colcon.colcon_core.package_identification:_identify(.) by extension 'python_setup_py'
[10.755s] Level 1:colcon.colcon_core.package_identification:_identify(build) by extensions ['ignore', 'ignore_ament_install']
[10.756s] Level 1:colcon.colcon_core.package_identification:_identify(build) by extension 'ignore'
[10.756s] Level 1:colcon.colcon_core.package_identification:_identify(build) ignored
[10.757s] Level 1:colcon.colcon_core.package_identification:_identify(install) by extensions ['ignore', 'ignore_ament_install']
[10.758s] Level 1:colcon.colcon_core.package_identification:_identify(install) by extension 'ignore'
[10.758s] Level 1:colcon.colcon_core.package_identification:_identify(install) ignored
[10.782s] Level 1:colcon.colcon_core.package_identification:_identify(log) by extensions ['ignore', 'ignore_ament_install']
[10.782s] Level 1:colcon.colcon_core.package_identification:_identify(log) by extension 'ignore'
[10.783s] Level 1:colcon.colcon_core.package_identification:_identify(log) ignored
[10.783s] Level 1:colcon.colcon_core.package_discovery:discover_packages(recursive) using defaults
[10.783s] Level 1:colcon.colcon_core.package_discovery:discover_packages(ignore) discover
[10.783s] Level 1:colcon.colcon_core.package_discovery:discover_packages(ignore) using defaults
[10.783s] Level 1:colcon.colcon_core.package_discovery:discover_packages(path) discover
[10.783s] Level 1:colcon.colcon_core.package_discovery:discover_packages(path) using defaults
[11.148s] Level 1:colcon.colcon_core.package_discovery:discover_packages(prefix_path) check parameters
[11.148s] Level 1:colcon.colcon_core.package_discovery:discover_packages(prefix_path) discover
[11.351s] DEBUG:colcon.colcon_installed_package_information.package_discovery:Found 316 installed packages in /opt/ros/humble
[11.361s] Level 1:colcon.colcon_core.package_discovery:discover_packages(prefix_path) using defaults
[11.928s] INFO:colcon.colcon_core.executor:Executing jobs using 'parallel' executor
[11.948s] DEBUG:colcon.colcon_parallel_executor.executor.parallel:run_until_complete
[11.997s] DEBUG:colcon.colcon_parallel_executor.executor.parallel:closing loop
[11.998s] DEBUG:colcon.colcon_parallel_executor.executor.parallel:loop closed
[11.999s] DEBUG:colcon.colcon_parallel_executor.executor.parallel:run_until_complete finished with '0'
[11.999s] DEBUG:colcon.colcon_core.event_reactor:joining thread
[12.554s] INFO:colcon.colcon_core.plugin_system:Skipping extension 'colcon_notification.desktop_notification.notify_send': Could not find 'notify-send'
[12.555s] INFO:colcon.colcon_core.plugin_system:Skipping extension 'colcon_notification.desktop_notification.terminal_notifier': Not used on non-Darwin systems
[12.555s] INFO:colcon.colcon_core.plugin_system:Skipping extension 'colcon_notification.desktop_notification.win32': Not used on non-Windows systems
[12.555s] INFO:colcon.colcon_notification.desktop_notification:Sending desktop notification using 'notify2'
[12.555s] DEBUG:colcon.colcon_notification.desktop_notification.notify2:Failed to initialize notify2: org.freedesktop.DBus.Error.NotSupported: Unable to autolaunch a dbus-daemon without a $DISPLAY for X11
[12.555s] DEBUG:colcon.colcon_core.event_reactor:joined thread
[12.710s] INFO:colcon.colcon_core.plugin_system:Skipping extension 'colcon_core.shell.bat': Not used on non-Windows systems
[12.711s] INFO:colcon.colcon_core.shell:Creating prefix script '/home/trana41/irobot_ws/install/local_setup.ps1'
[12.741s] INFO:colcon.colcon_core.shell:Creating prefix util module '/home/trana41/irobot_ws/install/_local_setup_util_ps1.py'
[12.767s] INFO:colcon.colcon_core.shell:Creating prefix chain script '/home/trana41/irobot_ws/install/setup.ps1'
[12.802s] INFO:colcon.colcon_core.shell:Creating prefix script '/home/trana41/irobot_ws/install/local_setup.sh'
[12.825s] INFO:colcon.colcon_core.shell:Creating prefix util module '/home/trana41/irobot_ws/install/_local_setup_util_sh.py'
[12.829s] INFO:colcon.colcon_core.shell:Creating prefix chain script '/home/trana41/irobot_ws/install/setup.sh'
[12.855s] INFO:colcon.colcon_core.shell:Creating prefix script '/home/trana41/irobot_ws/install/local_setup.bash'
[12.874s] INFO:colcon.colcon_core.shell:Creating prefix chain script '/home/trana41/irobot_ws/install/setup.bash'
[12.898s] INFO:colcon.colcon_core.shell:Creating prefix script '/home/trana41/irobot_ws/install/local_setup.zsh'
[12.917s] INFO:colcon.colcon_core.shell:Creating prefix chain script '/home/trana41/irobot_ws/install/setup.zsh'
