running egg_info
writing ../../build/nav_pkg/nav_pkg.egg-info/PKG-INFO
writing dependency_links to ../../build/nav_pkg/nav_pkg.egg-info/dependency_links.txt
writing entry points to ../../build/nav_pkg/nav_pkg.egg-info/entry_points.txt
writing requirements to ../../build/nav_pkg/nav_pkg.egg-info/requires.txt
writing top-level names to ../../build/nav_pkg/nav_pkg.egg-info/top_level.txt
reading manifest file '../../build/nav_pkg/nav_pkg.egg-info/SOURCES.txt'
writing manifest file '../../build/nav_pkg/nav_pkg.egg-info/SOURCES.txt'
running build
running build_py
copying nav_pkg/test.py -> /home/trana41/irobot_ws/build/nav_pkg/build/lib/nav_pkg
running install
running install_lib
copying /home/trana41/irobot_ws/build/nav_pkg/build/lib/nav_pkg/test.py -> /home/trana41/irobot_ws/install/nav_pkg/lib/python3.10/site-packages/nav_pkg
byte-compiling /home/trana41/irobot_ws/install/nav_pkg/lib/python3.10/site-packages/nav_pkg/test.py to test.cpython-310.pyc
running install_data
running install_egg_info
removing '/home/trana41/irobot_ws/install/nav_pkg/lib/python3.10/site-packages/nav_pkg-0.0.0-py3.10.egg-info' (and everything under it)
Copying ../../build/nav_pkg/nav_pkg.egg-info to /home/trana41/irobot_ws/install/nav_pkg/lib/python3.10/site-packages/nav_pkg-0.0.0-py3.10.egg-info
running install_scripts
Installing test script to /home/trana41/irobot_ws/install/nav_pkg/lib/nav_pkg
writing list of installed files to '/home/trana41/irobot_ws/build/nav_pkg/install.log'
