[1.513s] DEBUG:colcon:Command line arguments: ['/home/trana41/.local/bin/colcon', 'build']
[1.513s] DEBUG:colcon:Parsed command line arguments: Namespace(log_base=None, log_level=None, verb_name='build', build_base='build', install_base='install', merge_install=False, symlink_install=False, test_result_base=None, continue_on_error=False, executor='parallel', parallel_workers=8, event_handlers=None, ignore_user_meta=False, metas=['./colcon.meta'], base_paths=['.'], packages_ignore=None, packages_ignore_regex=None, paths=None, packages_up_to=None, packages_up_to_regex=None, packages_above=None, packages_above_and_dependencies=None, packages_above_depth=None, packages_select_by_dep=None, packages_skip_by_dep=None, packages_skip_up_to=None, packages_select_build_failed=False, packages_skip_build_finished=False, packages_select_test_failures=False, packages_skip_test_passed=False, packages_select=None, packages_skip=None, packages_select_regex=None, packages_skip_regex=None, packages_start=None, packages_end=None, allow_overriding=[], cmake_args=None, cmake_target=None, cmake_target_skip_unavailable=False, cmake_clean_cache=False, cmake_clean_first=False, cmake_force_configure=False, ament_cmake_args=None, catkin_cmake_args=None, catkin_skip_building_tests=False, verb_parser=<colcon_defaults.argument_parser.defaults.DefaultArgumentsDecorator object at 0x7f10a2334ee0>, verb_extension=<colcon_core.verb.build.BuildVerb object at 0x7f10a2335450>, main=<bound method BuildVerb.main of <colcon_core.verb.build.BuildVerb object at 0x7f10a2335450>>)
[1.656s] Level 1:colcon.colcon_core.package_discovery:discover_packages(colcon_meta) check parameters
[1.656s] Level 1:colcon.colcon_core.package_discovery:discover_packages(recursive) check parameters
[1.656s] Level 1:colcon.colcon_core.package_discovery:discover_packages(ignore) check parameters
[1.656s] Level 1:colcon.colcon_core.package_discovery:discover_packages(path) check parameters
[1.656s] Level 1:colcon.colcon_core.package_discovery:discover_packages(colcon_meta) discover
[1.657s] Level 1:colcon.colcon_core.package_discovery:discover_packages(recursive) discover
[1.657s] INFO:colcon.colcon_core.package_discovery:Crawling recursively for packages in '/home/trana41/irobot_ws'
[1.657s] Level 1:colcon.colcon_core.package_identification:_identify(.) by extensions ['ignore', 'ignore_ament_install']
[1.657s] Level 1:colcon.colcon_core.package_identification:_identify(.) by extension 'ignore'
[1.657s] Level 1:colcon.colcon_core.package_identification:_identify(.) by extension 'ignore_ament_install'
[1.658s] Level 1:colcon.colcon_core.package_identification:_identify(.) by extensions ['colcon_pkg']
[1.658s] Level 1:colcon.colcon_core.package_identification:_identify(.) by extension 'colcon_pkg'
[1.658s] Level 1:colcon.colcon_core.package_identification:_identify(.) by extensions ['colcon_meta']
[1.658s] Level 1:colcon.colcon_core.package_identification:_identify(.) by extension 'colcon_meta'
[1.658s] Level 1:colcon.colcon_core.package_identification:_identify(.) by extensions ['ros']
[1.658s] Level 1:colcon.colcon_core.package_identification:_identify(.) by extension 'ros'
[1.686s] Level 1:colcon.colcon_core.package_identification:_identify(.) by extensions ['cmake', 'python']
[1.686s] Level 1:colcon.colcon_core.package_identification:_identify(.) by extension 'cmake'
[1.686s] Level 1:colcon.colcon_core.package_identification:_identify(.) by extension 'python'
[1.686s] Level 1:colcon.colcon_core.package_identification:_identify(.) by extensions ['python_setup_py']
[1.686s] Level 1:colcon.colcon_core.package_identification:_identify(.) by extension 'python_setup_py'
[1.687s] Level 1:colcon.colcon_core.package_identification:_identify(build) by extensions ['ignore', 'ignore_ament_install']
[1.687s] Level 1:colcon.colcon_core.package_identification:_identify(build) by extension 'ignore'
[1.687s] Level 1:colcon.colcon_core.package_identification:_identify(build) ignored
[1.688s] Level 1:colcon.colcon_core.package_identification:_identify(install) by extensions ['ignore', 'ignore_ament_install']
[1.688s] Level 1:colcon.colcon_core.package_identification:_identify(install) by extension 'ignore'
[1.688s] Level 1:colcon.colcon_core.package_identification:_identify(install) ignored
[1.689s] Level 1:colcon.colcon_core.package_identification:_identify(log) by extensions ['ignore', 'ignore_ament_install']
[1.689s] Level 1:colcon.colcon_core.package_identification:_identify(log) by extension 'ignore'
[1.689s] Level 1:colcon.colcon_core.package_identification:_identify(log) ignored
[1.690s] Level 1:colcon.colcon_core.package_identification:_identify(src) by extensions ['ignore', 'ignore_ament_install']
[1.690s] Level 1:colcon.colcon_core.package_identification:_identify(src) by extension 'ignore'
[1.690s] Level 1:colcon.colcon_core.package_identification:_identify(src) by extension 'ignore_ament_install'
[1.690s] Level 1:colcon.colcon_core.package_identification:_identify(src) by extensions ['colcon_pkg']
[1.690s] Level 1:colcon.colcon_core.package_identification:_identify(src) by extension 'colcon_pkg'
[1.690s] Level 1:colcon.colcon_core.package_identification:_identify(src) by extensions ['colcon_meta']
[1.690s] Level 1:colcon.colcon_core.package_identification:_identify(src) by extension 'colcon_meta'
[1.691s] Level 1:colcon.colcon_core.package_identification:_identify(src) by extensions ['ros']
[1.691s] Level 1:colcon.colcon_core.package_identification:_identify(src) by extension 'ros'
[1.691s] Level 1:colcon.colcon_core.package_identification:_identify(src) by extensions ['cmake', 'python']
[1.691s] Level 1:colcon.colcon_core.package_identification:_identify(src) by extension 'cmake'
[1.691s] Level 1:colcon.colcon_core.package_identification:_identify(src) by extension 'python'
[1.691s] Level 1:colcon.colcon_core.package_identification:_identify(src) by extensions ['python_setup_py']
[1.691s] Level 1:colcon.colcon_core.package_identification:_identify(src) by extension 'python_setup_py'
[1.692s] Level 1:colcon.colcon_core.package_identification:_identify(src/nav_pkg) by extensions ['ignore', 'ignore_ament_install']
[1.692s] Level 1:colcon.colcon_core.package_identification:_identify(src/nav_pkg) by extension 'ignore'
[1.692s] Level 1:colcon.colcon_core.package_identification:_identify(src/nav_pkg) by extension 'ignore_ament_install'
[1.692s] Level 1:colcon.colcon_core.package_identification:_identify(src/nav_pkg) by extensions ['colcon_pkg']
[1.692s] Level 1:colcon.colcon_core.package_identification:_identify(src/nav_pkg) by extension 'colcon_pkg'
[1.693s] Level 1:colcon.colcon_core.package_identification:_identify(src/nav_pkg) by extensions ['colcon_meta']
[1.693s] Level 1:colcon.colcon_core.package_identification:_identify(src/nav_pkg) by extension 'colcon_meta'
[1.693s] Level 1:colcon.colcon_core.package_identification:_identify(src/nav_pkg) by extensions ['ros']
[1.693s] Level 1:colcon.colcon_core.package_identification:_identify(src/nav_pkg) by extension 'ros'
[1.703s] DEBUG:colcon.colcon_core.package_identification:Package 'src/nav_pkg' with type 'ros.ament_python' and name 'nav_pkg'
[1.703s] Level 1:colcon.colcon_core.package_discovery:discover_packages(recursive) using defaults
[1.704s] Level 1:colcon.colcon_core.package_discovery:discover_packages(ignore) discover
[1.704s] Level 1:colcon.colcon_core.package_discovery:discover_packages(ignore) using defaults
[1.704s] Level 1:colcon.colcon_core.package_discovery:discover_packages(path) discover
[1.704s] Level 1:colcon.colcon_core.package_discovery:discover_packages(path) using defaults
[1.786s] Level 1:colcon.colcon_core.package_discovery:discover_packages(prefix_path) check parameters
[1.786s] Level 1:colcon.colcon_core.package_discovery:discover_packages(prefix_path) discover
[1.803s] DEBUG:colcon.colcon_installed_package_information.package_discovery:Found 1 installed packages in /home/trana41/irobot_ws/install
[1.812s] DEBUG:colcon.colcon_installed_package_information.package_discovery:Found 316 installed packages in /opt/ros/humble
[1.816s] Level 1:colcon.colcon_core.package_discovery:discover_packages(prefix_path) using defaults
[2.067s] Level 5:colcon.colcon_core.verb:set package 'nav_pkg' build argument 'cmake_args' from command line to 'None'
[2.067s] Level 5:colcon.colcon_core.verb:set package 'nav_pkg' build argument 'cmake_target' from command line to 'None'
[2.067s] Level 5:colcon.colcon_core.verb:set package 'nav_pkg' build argument 'cmake_target_skip_unavailable' from command line to 'False'
[2.068s] Level 5:colcon.colcon_core.verb:set package 'nav_pkg' build argument 'cmake_clean_cache' from command line to 'False'
[2.068s] Level 5:colcon.colcon_core.verb:set package 'nav_pkg' build argument 'cmake_clean_first' from command line to 'False'
[2.068s] Level 5:colcon.colcon_core.verb:set package 'nav_pkg' build argument 'cmake_force_configure' from command line to 'False'
[2.068s] Level 5:colcon.colcon_core.verb:set package 'nav_pkg' build argument 'ament_cmake_args' from command line to 'None'
[2.068s] Level 5:colcon.colcon_core.verb:set package 'nav_pkg' build argument 'catkin_cmake_args' from command line to 'None'
[2.068s] Level 5:colcon.colcon_core.verb:set package 'nav_pkg' build argument 'catkin_skip_building_tests' from command line to 'False'
[2.068s] DEBUG:colcon.colcon_core.verb:Building package 'nav_pkg' with the following arguments: {'ament_cmake_args': None, 'build_base': '/home/trana41/irobot_ws/build/nav_pkg', 'catkin_cmake_args': None, 'catkin_skip_building_tests': False, 'cmake_args': None, 'cmake_clean_cache': False, 'cmake_clean_first': False, 'cmake_force_configure': False, 'cmake_target': None, 'cmake_target_skip_unavailable': False, 'install_base': '/home/trana41/irobot_ws/install/nav_pkg', 'merge_install': False, 'path': '/home/trana41/irobot_ws/src/nav_pkg', 'symlink_install': False, 'test_result_base': None}
[2.070s] INFO:colcon.colcon_core.executor:Executing jobs using 'parallel' executor
[2.085s] DEBUG:colcon.colcon_parallel_executor.executor.parallel:run_until_complete
[2.085s] INFO:colcon.colcon_ros.task.ament_python.build:Building ROS package in '/home/trana41/irobot_ws/src/nav_pkg' with build type 'ament_python'
[2.085s] Level 1:colcon.colcon_core.shell:create_environment_hook('nav_pkg', 'ament_prefix_path')
[2.103s] INFO:colcon.colcon_core.plugin_system:Skipping extension 'colcon_core.shell.bat': Not used on non-Windows systems
[2.103s] INFO:colcon.colcon_core.shell:Creating environment hook '/home/trana41/irobot_ws/install/nav_pkg/share/nav_pkg/hook/ament_prefix_path.ps1'
[2.105s] INFO:colcon.colcon_core.shell:Creating environment descriptor '/home/trana41/irobot_ws/install/nav_pkg/share/nav_pkg/hook/ament_prefix_path.dsv'
[2.106s] INFO:colcon.colcon_core.shell:Creating environment hook '/home/trana41/irobot_ws/install/nav_pkg/share/nav_pkg/hook/ament_prefix_path.sh'
[2.113s] INFO:colcon.colcon_core.shell:Skip shell extension 'powershell' for command environment: Not usable outside of PowerShell
[2.113s] DEBUG:colcon.colcon_core.shell:Skip shell extension 'dsv' for command environment
[3.080s] INFO:colcon.colcon_core.task.python.build:Building Python package in '/home/trana41/irobot_ws/src/nav_pkg'
[3.087s] INFO:colcon.colcon_core.shell:Skip shell extension 'powershell' for command environment: Not usable outside of PowerShell
[3.087s] DEBUG:colcon.colcon_core.shell:Skip shell extension 'dsv' for command environment
[4.691s] DEBUG:colcon.colcon_core.event_handler.log_command:Invoking command in '/home/trana41/irobot_ws/src/nav_pkg': PYTHONPATH=/home/trana41/irobot_ws/build/nav_pkg/prefix_override:/home/trana41/irobot_ws/install/nav_pkg/lib/python3.10/site-packages:${PYTHONPATH} /usr/bin/python3 setup.py egg_info --egg-base ../../build/nav_pkg build --build-base /home/trana41/irobot_ws/build/nav_pkg/build install --record /home/trana41/irobot_ws/build/nav_pkg/install.log --single-version-externally-managed
[6.024s] DEBUG:colcon.colcon_core.event_handler.log_command:Invoked command in '/home/trana41/irobot_ws/src/nav_pkg' returned '0': PYTHONPATH=/home/trana41/irobot_ws/build/nav_pkg/prefix_override:/home/trana41/irobot_ws/install/nav_pkg/lib/python3.10/site-packages:${PYTHONPATH} /usr/bin/python3 setup.py egg_info --egg-base ../../build/nav_pkg build --build-base /home/trana41/irobot_ws/build/nav_pkg/build install --record /home/trana41/irobot_ws/build/nav_pkg/install.log --single-version-externally-managed
[6.043s] Level 1:colcon.colcon_core.environment:checking '/home/trana41/irobot_ws/install/nav_pkg' for CMake module files
[6.046s] Level 1:colcon.colcon_core.environment:checking '/home/trana41/irobot_ws/install/nav_pkg' for CMake config files
[6.050s] Level 1:colcon.colcon_core.environment:checking '/home/trana41/irobot_ws/install/nav_pkg/lib'
[6.051s] Level 1:colcon.colcon_core.environment:checking '/home/trana41/irobot_ws/install/nav_pkg/bin'
[6.051s] Level 1:colcon.colcon_core.environment:checking '/home/trana41/irobot_ws/install/nav_pkg/lib/pkgconfig/nav_pkg.pc'
[6.052s] Level 1:colcon.colcon_core.environment:checking '/home/trana41/irobot_ws/install/nav_pkg/lib/python3.10/site-packages'
[6.052s] Level 1:colcon.colcon_core.shell:create_environment_hook('nav_pkg', 'pythonpath')
[6.059s] INFO:colcon.colcon_core.shell:Creating environment hook '/home/trana41/irobot_ws/install/nav_pkg/share/nav_pkg/hook/pythonpath.ps1'
[6.062s] INFO:colcon.colcon_core.shell:Creating environment descriptor '/home/trana41/irobot_ws/install/nav_pkg/share/nav_pkg/hook/pythonpath.dsv'
[6.063s] INFO:colcon.colcon_core.shell:Creating environment hook '/home/trana41/irobot_ws/install/nav_pkg/share/nav_pkg/hook/pythonpath.sh'
[6.065s] Level 1:colcon.colcon_core.environment:checking '/home/trana41/irobot_ws/install/nav_pkg/bin'
[6.066s] Level 1:colcon.colcon_core.environment:create_environment_scripts_only(nav_pkg)
[6.073s] INFO:colcon.colcon_core.shell:Creating package script '/home/trana41/irobot_ws/install/nav_pkg/share/nav_pkg/package.ps1'
[6.076s] INFO:colcon.colcon_core.shell:Creating package descriptor '/home/trana41/irobot_ws/install/nav_pkg/share/nav_pkg/package.dsv'
[6.079s] INFO:colcon.colcon_core.shell:Creating package script '/home/trana41/irobot_ws/install/nav_pkg/share/nav_pkg/package.sh'
[6.084s] INFO:colcon.colcon_core.shell:Creating package script '/home/trana41/irobot_ws/install/nav_pkg/share/nav_pkg/package.bash'
[6.087s] INFO:colcon.colcon_core.shell:Creating package script '/home/trana41/irobot_ws/install/nav_pkg/share/nav_pkg/package.zsh'
[6.089s] Level 1:colcon.colcon_core.environment:create_file_with_runtime_dependencies(/home/trana41/irobot_ws/install/nav_pkg/share/colcon-core/packages/nav_pkg)
[6.090s] DEBUG:colcon.colcon_parallel_executor.executor.parallel:closing loop
[6.092s] DEBUG:colcon.colcon_parallel_executor.executor.parallel:loop closed
[6.092s] DEBUG:colcon.colcon_parallel_executor.executor.parallel:run_until_complete finished with '0'
[6.093s] DEBUG:colcon.colcon_core.event_reactor:joining thread
[6.142s] INFO:colcon.colcon_core.plugin_system:Skipping extension 'colcon_notification.desktop_notification.notify_send': Could not find 'notify-send'
[6.142s] INFO:colcon.colcon_core.plugin_system:Skipping extension 'colcon_notification.desktop_notification.terminal_notifier': Not used on non-Darwin systems
[6.142s] INFO:colcon.colcon_core.plugin_system:Skipping extension 'colcon_notification.desktop_notification.win32': Not used on non-Windows systems
[6.142s] INFO:colcon.colcon_notification.desktop_notification:Sending desktop notification using 'notify2'
[6.143s] DEBUG:colcon.colcon_notification.desktop_notification.notify2:Failed to initialize notify2: org.freedesktop.DBus.Error.NotSupported: Unable to autolaunch a dbus-daemon without a $DISPLAY for X11
[6.143s] DEBUG:colcon.colcon_core.event_reactor:joined thread
[6.152s] INFO:colcon.colcon_core.shell:Creating prefix script '/home/trana41/irobot_ws/install/local_setup.ps1'
[6.155s] INFO:colcon.colcon_core.shell:Creating prefix util module '/home/trana41/irobot_ws/install/_local_setup_util_ps1.py'
[6.159s] INFO:colcon.colcon_core.shell:Creating prefix chain script '/home/trana41/irobot_ws/install/setup.ps1'
[6.170s] INFO:colcon.colcon_core.shell:Creating prefix script '/home/trana41/irobot_ws/install/local_setup.sh'
[6.172s] INFO:colcon.colcon_core.shell:Creating prefix util module '/home/trana41/irobot_ws/install/_local_setup_util_sh.py'
[6.174s] INFO:colcon.colcon_core.shell:Creating prefix chain script '/home/trana41/irobot_ws/install/setup.sh'
[6.185s] INFO:colcon.colcon_core.shell:Creating prefix script '/home/trana41/irobot_ws/install/local_setup.bash'
[6.187s] INFO:colcon.colcon_core.shell:Creating prefix chain script '/home/trana41/irobot_ws/install/setup.bash'
[6.199s] INFO:colcon.colcon_core.shell:Creating prefix script '/home/trana41/irobot_ws/install/local_setup.zsh'
[6.201s] INFO:colcon.colcon_core.shell:Creating prefix chain script '/home/trana41/irobot_ws/install/setup.zsh'
