[5.881s] DEBUG:colcon:Command line arguments: ['/home/trana41/.local/bin/colcon', 'build']
[5.881s] DEBUG:colcon:Parsed command line arguments: Namespace(log_base=None, log_level=None, verb_name='build', build_base='build', install_base='install', merge_install=False, symlink_install=False, test_result_base=None, continue_on_error=False, executor='parallel', parallel_workers=8, event_handlers=None, ignore_user_meta=False, metas=['./colcon.meta'], base_paths=['.'], packages_ignore=None, packages_ignore_regex=None, paths=None, packages_up_to=None, packages_up_to_regex=None, packages_above=None, packages_above_and_dependencies=None, packages_above_depth=None, packages_select_by_dep=None, packages_skip_by_dep=None, packages_skip_up_to=None, packages_select_build_failed=False, packages_skip_build_finished=False, packages_select_test_failures=False, packages_skip_test_passed=False, packages_select=None, packages_skip=None, packages_select_regex=None, packages_skip_regex=None, packages_start=None, packages_end=None, allow_overriding=[], cmake_args=None, cmake_target=None, cmake_target_skip_unavailable=False, cmake_clean_cache=False, cmake_clean_first=False, cmake_force_configure=False, ament_cmake_args=None, catkin_cmake_args=None, catkin_skip_building_tests=False, verb_parser=<colcon_defaults.argument_parser.defaults.DefaultArgumentsDecorator object at 0x7f12875ec6a0>, verb_extension=<colcon_core.verb.build.BuildVerb object at 0x7f12875ecc10>, main=<bound method BuildVerb.main of <colcon_core.verb.build.BuildVerb object at 0x7f12875ecc10>>)
[6.387s] Level 1:colcon.colcon_core.package_discovery:discover_packages(colcon_meta) check parameters
[6.387s] Level 1:colcon.colcon_core.package_discovery:discover_packages(recursive) check parameters
[6.387s] Level 1:colcon.colcon_core.package_discovery:discover_packages(ignore) check parameters
[6.387s] Level 1:colcon.colcon_core.package_discovery:discover_packages(path) check parameters
[6.387s] Level 1:colcon.colcon_core.package_discovery:discover_packages(colcon_meta) discover
[6.387s] Level 1:colcon.colcon_core.package_discovery:discover_packages(recursive) discover
[6.388s] INFO:colcon.colcon_core.package_discovery:Crawling recursively for packages in '/home/trana41/irobot_ws'
[6.388s] Level 1:colcon.colcon_core.package_identification:_identify(.) by extensions ['ignore', 'ignore_ament_install']
[6.388s] Level 1:colcon.colcon_core.package_identification:_identify(.) by extension 'ignore'
[6.388s] Level 1:colcon.colcon_core.package_identification:_identify(.) by extension 'ignore_ament_install'
[6.388s] Level 1:colcon.colcon_core.package_identification:_identify(.) by extensions ['colcon_pkg']
[6.388s] Level 1:colcon.colcon_core.package_identification:_identify(.) by extension 'colcon_pkg'
[6.388s] Level 1:colcon.colcon_core.package_identification:_identify(.) by extensions ['colcon_meta']
[6.388s] Level 1:colcon.colcon_core.package_identification:_identify(.) by extension 'colcon_meta'
[6.388s] Level 1:colcon.colcon_core.package_identification:_identify(.) by extensions ['ros']
[6.388s] Level 1:colcon.colcon_core.package_identification:_identify(.) by extension 'ros'
[6.465s] Level 1:colcon.colcon_core.package_identification:_identify(.) by extensions ['cmake', 'python']
[6.465s] Level 1:colcon.colcon_core.package_identification:_identify(.) by extension 'cmake'
[6.465s] Level 1:colcon.colcon_core.package_identification:_identify(.) by extension 'python'
[6.465s] Level 1:colcon.colcon_core.package_identification:_identify(.) by extensions ['python_setup_py']
[6.465s] Level 1:colcon.colcon_core.package_identification:_identify(.) by extension 'python_setup_py'
[6.465s] Level 1:colcon.colcon_core.package_identification:_identify(build) by extensions ['ignore', 'ignore_ament_install']
[6.466s] Level 1:colcon.colcon_core.package_identification:_identify(build) by extension 'ignore'
[6.466s] Level 1:colcon.colcon_core.package_identification:_identify(build) ignored
[6.466s] Level 1:colcon.colcon_core.package_identification:_identify(install) by extensions ['ignore', 'ignore_ament_install']
[6.466s] Level 1:colcon.colcon_core.package_identification:_identify(install) by extension 'ignore'
[6.466s] Level 1:colcon.colcon_core.package_identification:_identify(install) ignored
[6.466s] Level 1:colcon.colcon_core.package_identification:_identify(log) by extensions ['ignore', 'ignore_ament_install']
[6.467s] Level 1:colcon.colcon_core.package_identification:_identify(log) by extension 'ignore'
[6.467s] Level 1:colcon.colcon_core.package_identification:_identify(log) ignored
[6.467s] Level 1:colcon.colcon_core.package_identification:_identify(src) by extensions ['ignore', 'ignore_ament_install']
[6.467s] Level 1:colcon.colcon_core.package_identification:_identify(src) by extension 'ignore'
[6.467s] Level 1:colcon.colcon_core.package_identification:_identify(src) by extension 'ignore_ament_install'
[6.467s] Level 1:colcon.colcon_core.package_identification:_identify(src) by extensions ['colcon_pkg']
[6.467s] Level 1:colcon.colcon_core.package_identification:_identify(src) by extension 'colcon_pkg'
[6.467s] Level 1:colcon.colcon_core.package_identification:_identify(src) by extensions ['colcon_meta']
[6.467s] Level 1:colcon.colcon_core.package_identification:_identify(src) by extension 'colcon_meta'
[6.467s] Level 1:colcon.colcon_core.package_identification:_identify(src) by extensions ['ros']
[6.467s] Level 1:colcon.colcon_core.package_identification:_identify(src) by extension 'ros'
[6.467s] Level 1:colcon.colcon_core.package_identification:_identify(src) by extensions ['cmake', 'python']
[6.468s] Level 1:colcon.colcon_core.package_identification:_identify(src) by extension 'cmake'
[6.468s] Level 1:colcon.colcon_core.package_identification:_identify(src) by extension 'python'
[6.468s] Level 1:colcon.colcon_core.package_identification:_identify(src) by extensions ['python_setup_py']
[6.468s] Level 1:colcon.colcon_core.package_identification:_identify(src) by extension 'python_setup_py'
[6.468s] Level 1:colcon.colcon_core.package_identification:_identify(src/nav_pkg) by extensions ['ignore', 'ignore_ament_install']
[6.468s] Level 1:colcon.colcon_core.package_identification:_identify(src/nav_pkg) by extension 'ignore'
[6.468s] Level 1:colcon.colcon_core.package_identification:_identify(src/nav_pkg) by extension 'ignore_ament_install'
[6.468s] Level 1:colcon.colcon_core.package_identification:_identify(src/nav_pkg) by extensions ['colcon_pkg']
[6.468s] Level 1:colcon.colcon_core.package_identification:_identify(src/nav_pkg) by extension 'colcon_pkg'
[6.468s] Level 1:colcon.colcon_core.package_identification:_identify(src/nav_pkg) by extensions ['colcon_meta']
[6.468s] Level 1:colcon.colcon_core.package_identification:_identify(src/nav_pkg) by extension 'colcon_meta'
[6.468s] Level 1:colcon.colcon_core.package_identification:_identify(src/nav_pkg) by extensions ['ros']
[6.468s] Level 1:colcon.colcon_core.package_identification:_identify(src/nav_pkg) by extension 'ros'
[6.495s] DEBUG:colcon.colcon_core.package_identification:Package 'src/nav_pkg' with type 'ros.ament_python' and name 'nav_pkg'
[6.495s] Level 1:colcon.colcon_core.package_discovery:discover_packages(recursive) using defaults
[6.495s] Level 1:colcon.colcon_core.package_discovery:discover_packages(ignore) discover
[6.495s] Level 1:colcon.colcon_core.package_discovery:discover_packages(ignore) using defaults
[6.495s] Level 1:colcon.colcon_core.package_discovery:discover_packages(path) discover
[6.495s] Level 1:colcon.colcon_core.package_discovery:discover_packages(path) using defaults
[6.793s] Level 1:colcon.colcon_core.package_discovery:discover_packages(prefix_path) check parameters
[6.793s] Level 1:colcon.colcon_core.package_discovery:discover_packages(prefix_path) discover
[6.840s] DEBUG:colcon.colcon_installed_package_information.package_discovery:Found 1 installed packages in /home/trana41/irobot_ws/install
[6.849s] DEBUG:colcon.colcon_installed_package_information.package_discovery:Found 316 installed packages in /opt/ros/humble
[6.851s] Level 1:colcon.colcon_core.package_discovery:discover_packages(prefix_path) using defaults
[8.073s] Level 5:colcon.colcon_core.verb:set package 'nav_pkg' build argument 'cmake_args' from command line to 'None'
[8.073s] Level 5:colcon.colcon_core.verb:set package 'nav_pkg' build argument 'cmake_target' from command line to 'None'
[8.074s] Level 5:colcon.colcon_core.verb:set package 'nav_pkg' build argument 'cmake_target_skip_unavailable' from command line to 'False'
[8.074s] Level 5:colcon.colcon_core.verb:set package 'nav_pkg' build argument 'cmake_clean_cache' from command line to 'False'
[8.074s] Level 5:colcon.colcon_core.verb:set package 'nav_pkg' build argument 'cmake_clean_first' from command line to 'False'
[8.074s] Level 5:colcon.colcon_core.verb:set package 'nav_pkg' build argument 'cmake_force_configure' from command line to 'False'
[8.074s] Level 5:colcon.colcon_core.verb:set package 'nav_pkg' build argument 'ament_cmake_args' from command line to 'None'
[8.074s] Level 5:colcon.colcon_core.verb:set package 'nav_pkg' build argument 'catkin_cmake_args' from command line to 'None'
[8.074s] Level 5:colcon.colcon_core.verb:set package 'nav_pkg' build argument 'catkin_skip_building_tests' from command line to 'False'
[8.074s] DEBUG:colcon.colcon_core.verb:Building package 'nav_pkg' with the following arguments: {'ament_cmake_args': None, 'build_base': '/home/trana41/irobot_ws/build/nav_pkg', 'catkin_cmake_args': None, 'catkin_skip_building_tests': False, 'cmake_args': None, 'cmake_clean_cache': False, 'cmake_clean_first': False, 'cmake_force_configure': False, 'cmake_target': None, 'cmake_target_skip_unavailable': False, 'install_base': '/home/trana41/irobot_ws/install/nav_pkg', 'merge_install': False, 'path': '/home/trana41/irobot_ws/src/nav_pkg', 'symlink_install': False, 'test_result_base': None}
[8.075s] INFO:colcon.colcon_core.executor:Executing jobs using 'parallel' executor
[8.082s] DEBUG:colcon.colcon_parallel_executor.executor.parallel:run_until_complete
[8.083s] INFO:colcon.colcon_ros.task.ament_python.build:Building ROS package in '/home/trana41/irobot_ws/src/nav_pkg' with build type 'ament_python'
[8.083s] Level 1:colcon.colcon_core.shell:create_environment_hook('nav_pkg', 'ament_prefix_path')
[8.155s] INFO:colcon.colcon_core.plugin_system:Skipping extension 'colcon_core.shell.bat': Not used on non-Windows systems
[8.155s] INFO:colcon.colcon_core.shell:Creating environment hook '/home/trana41/irobot_ws/install/nav_pkg/share/nav_pkg/hook/ament_prefix_path.ps1'
[8.162s] INFO:colcon.colcon_core.shell:Creating environment descriptor '/home/trana41/irobot_ws/install/nav_pkg/share/nav_pkg/hook/ament_prefix_path.dsv'
[8.164s] INFO:colcon.colcon_core.shell:Creating environment hook '/home/trana41/irobot_ws/install/nav_pkg/share/nav_pkg/hook/ament_prefix_path.sh'
[8.176s] INFO:colcon.colcon_core.shell:Skip shell extension 'powershell' for command environment: Not usable outside of PowerShell
[8.176s] DEBUG:colcon.colcon_core.shell:Skip shell extension 'dsv' for command environment
[8.683s] INFO:colcon.colcon_core.task.python.build:Building Python package in '/home/trana41/irobot_ws/src/nav_pkg'
[8.686s] INFO:colcon.colcon_core.shell:Skip shell extension 'powershell' for command environment: Not usable outside of PowerShell
[8.686s] DEBUG:colcon.colcon_core.shell:Skip shell extension 'dsv' for command environment
[13.191s] DEBUG:colcon.colcon_core.event_handler.log_command:Invoking command in '/home/trana41/irobot_ws/src/nav_pkg': PYTHONPATH=/home/trana41/irobot_ws/build/nav_pkg/prefix_override:/home/trana41/irobot_ws/install/nav_pkg/lib/python3.10/site-packages:${PYTHONPATH} /usr/bin/python3 setup.py egg_info --egg-base ../../build/nav_pkg build --build-base /home/trana41/irobot_ws/build/nav_pkg/build install --record /home/trana41/irobot_ws/build/nav_pkg/install.log --single-version-externally-managed
[13.920s] DEBUG:colcon.colcon_core.event_handler.log_command:Invoked command in '/home/trana41/irobot_ws/src/nav_pkg' returned '0': PYTHONPATH=/home/trana41/irobot_ws/build/nav_pkg/prefix_override:/home/trana41/irobot_ws/install/nav_pkg/lib/python3.10/site-packages:${PYTHONPATH} /usr/bin/python3 setup.py egg_info --egg-base ../../build/nav_pkg build --build-base /home/trana41/irobot_ws/build/nav_pkg/build install --record /home/trana41/irobot_ws/build/nav_pkg/install.log --single-version-externally-managed
[13.997s] Level 1:colcon.colcon_core.environment:checking '/home/trana41/irobot_ws/install/nav_pkg' for CMake module files
[13.998s] Level 1:colcon.colcon_core.environment:checking '/home/trana41/irobot_ws/install/nav_pkg' for CMake config files
[14.002s] Level 1:colcon.colcon_core.environment:checking '/home/trana41/irobot_ws/install/nav_pkg/lib'
[14.003s] Level 1:colcon.colcon_core.environment:checking '/home/trana41/irobot_ws/install/nav_pkg/bin'
[14.003s] Level 1:colcon.colcon_core.environment:checking '/home/trana41/irobot_ws/install/nav_pkg/lib/pkgconfig/nav_pkg.pc'
[14.004s] Level 1:colcon.colcon_core.environment:checking '/home/trana41/irobot_ws/install/nav_pkg/lib/python3.10/site-packages'
[14.004s] Level 1:colcon.colcon_core.shell:create_environment_hook('nav_pkg', 'pythonpath')
[14.008s] INFO:colcon.colcon_core.shell:Creating environment hook '/home/trana41/irobot_ws/install/nav_pkg/share/nav_pkg/hook/pythonpath.ps1'
[14.009s] INFO:colcon.colcon_core.shell:Creating environment descriptor '/home/trana41/irobot_ws/install/nav_pkg/share/nav_pkg/hook/pythonpath.dsv'
[14.010s] INFO:colcon.colcon_core.shell:Creating environment hook '/home/trana41/irobot_ws/install/nav_pkg/share/nav_pkg/hook/pythonpath.sh'
[14.011s] Level 1:colcon.colcon_core.environment:checking '/home/trana41/irobot_ws/install/nav_pkg/bin'
[14.011s] Level 1:colcon.colcon_core.environment:create_environment_scripts_only(nav_pkg)
[14.014s] INFO:colcon.colcon_core.shell:Creating package script '/home/trana41/irobot_ws/install/nav_pkg/share/nav_pkg/package.ps1'
[14.025s] INFO:colcon.colcon_core.shell:Creating package descriptor '/home/trana41/irobot_ws/install/nav_pkg/share/nav_pkg/package.dsv'
[14.031s] INFO:colcon.colcon_core.shell:Creating package script '/home/trana41/irobot_ws/install/nav_pkg/share/nav_pkg/package.sh'
[14.042s] INFO:colcon.colcon_core.shell:Creating package script '/home/trana41/irobot_ws/install/nav_pkg/share/nav_pkg/package.bash'
[14.051s] INFO:colcon.colcon_core.shell:Creating package script '/home/trana41/irobot_ws/install/nav_pkg/share/nav_pkg/package.zsh'
[14.060s] Level 1:colcon.colcon_core.environment:create_file_with_runtime_dependencies(/home/trana41/irobot_ws/install/nav_pkg/share/colcon-core/packages/nav_pkg)
[14.061s] DEBUG:colcon.colcon_parallel_executor.executor.parallel:closing loop
[14.061s] DEBUG:colcon.colcon_parallel_executor.executor.parallel:loop closed
[14.061s] DEBUG:colcon.colcon_parallel_executor.executor.parallel:run_until_complete finished with '0'
[14.061s] DEBUG:colcon.colcon_core.event_reactor:joining thread
[14.293s] INFO:colcon.colcon_core.plugin_system:Skipping extension 'colcon_notification.desktop_notification.notify_send': Could not find 'notify-send'
[14.293s] INFO:colcon.colcon_core.plugin_system:Skipping extension 'colcon_notification.desktop_notification.terminal_notifier': Not used on non-Darwin systems
[14.293s] INFO:colcon.colcon_core.plugin_system:Skipping extension 'colcon_notification.desktop_notification.win32': Not used on non-Windows systems
[14.294s] INFO:colcon.colcon_notification.desktop_notification:Sending desktop notification using 'notify2'
[14.294s] DEBUG:colcon.colcon_notification.desktop_notification.notify2:Failed to initialize notify2: org.freedesktop.DBus.Error.NotSupported: Unable to autolaunch a dbus-daemon without a $DISPLAY for X11
[14.294s] DEBUG:colcon.colcon_core.event_reactor:joined thread
[14.297s] INFO:colcon.colcon_core.shell:Creating prefix script '/home/trana41/irobot_ws/install/local_setup.ps1'
[14.307s] INFO:colcon.colcon_core.shell:Creating prefix util module '/home/trana41/irobot_ws/install/_local_setup_util_ps1.py'
[14.317s] INFO:colcon.colcon_core.shell:Creating prefix chain script '/home/trana41/irobot_ws/install/setup.ps1'
[14.330s] INFO:colcon.colcon_core.shell:Creating prefix script '/home/trana41/irobot_ws/install/local_setup.sh'
[14.341s] INFO:colcon.colcon_core.shell:Creating prefix util module '/home/trana41/irobot_ws/install/_local_setup_util_sh.py'
[14.342s] INFO:colcon.colcon_core.shell:Creating prefix chain script '/home/trana41/irobot_ws/install/setup.sh'
[14.354s] INFO:colcon.colcon_core.shell:Creating prefix script '/home/trana41/irobot_ws/install/local_setup.bash'
[14.362s] INFO:colcon.colcon_core.shell:Creating prefix chain script '/home/trana41/irobot_ws/install/setup.bash'
[14.372s] INFO:colcon.colcon_core.shell:Creating prefix script '/home/trana41/irobot_ws/install/local_setup.zsh'
[14.380s] INFO:colcon.colcon_core.shell:Creating prefix chain script '/home/trana41/irobot_ws/install/setup.zsh'
