[3.082s] Invoking command in '/home/trana41/irobot_ws/src/nav_pkg': PYTHONPATH=/home/trana41/irobot_ws/build/nav_pkg/prefix_override:/home/trana41/irobot_ws/install/nav_pkg/lib/python3.10/site-packages:${PYTHONPATH} /usr/bin/python3 setup.py egg_info --egg-base ../../build/nav_pkg build --build-base /home/trana41/irobot_ws/build/nav_pkg/build install --record /home/trana41/irobot_ws/build/nav_pkg/install.log --single-version-externally-managed
[4.615s] running egg_info
[4.618s] writing ../../build/nav_pkg/nav_pkg.egg-info/PKG-INFO
[4.619s] writing dependency_links to ../../build/nav_pkg/nav_pkg.egg-info/dependency_links.txt
[4.667s] writing entry points to ../../build/nav_pkg/nav_pkg.egg-info/entry_points.txt
[4.668s] writing requirements to ../../build/nav_pkg/nav_pkg.egg-info/requires.txt
[4.669s] writing top-level names to ../../build/nav_pkg/nav_pkg.egg-info/top_level.txt
[4.670s] reading manifest file '../../build/nav_pkg/nav_pkg.egg-info/SOURCES.txt'
[4.672s] writing manifest file '../../build/nav_pkg/nav_pkg.egg-info/SOURCES.txt'
[4.673s] running build
[4.673s] running build_py
[4.675s] copying nav_pkg/basic_navigation.py -> /home/trana41/irobot_ws/build/nav_pkg/build/lib/nav_pkg
[4.675s] running install
[4.676s] running install_lib
[4.676s] copying /home/trana41/irobot_ws/build/nav_pkg/build/lib/nav_pkg/basic_navigation.py -> /home/trana41/irobot_ws/install/nav_pkg/lib/python3.10/site-packages/nav_pkg
[4.677s] byte-compiling /home/trana41/irobot_ws/install/nav_pkg/lib/python3.10/site-packages/nav_pkg/basic_navigation.py to basic_navigation.cpython-310.pyc
[4.685s] running install_data
[4.689s] running install_egg_info
[4.696s] removing '/home/trana41/irobot_ws/install/nav_pkg/lib/python3.10/site-packages/nav_pkg-0.0.0-py3.10.egg-info' (and everything under it)
[4.722s] Copying ../../build/nav_pkg/nav_pkg.egg-info to /home/trana41/irobot_ws/install/nav_pkg/lib/python3.10/site-packages/nav_pkg-0.0.0-py3.10.egg-info
[4.755s] running install_scripts
[4.861s] Installing basic_navigation script to /home/trana41/irobot_ws/install/nav_pkg/lib/nav_pkg
[4.863s] writing list of installed files to '/home/trana41/irobot_ws/build/nav_pkg/install.log'
[4.991s] Invoked command in '/home/trana41/irobot_ws/src/nav_pkg' returned '0': PYTHONPATH=/home/trana41/irobot_ws/build/nav_pkg/prefix_override:/home/trana41/irobot_ws/install/nav_pkg/lib/python3.10/site-packages:${PYTHONPATH} /usr/bin/python3 setup.py egg_info --egg-base ../../build/nav_pkg build --build-base /home/trana41/irobot_ws/build/nav_pkg/build install --record /home/trana41/irobot_ws/build/nav_pkg/install.log --single-version-externally-managed
