[5.107s] Invoking command in '/home/trana41/irobot_ws/src/nav_pkg': PYTHONPATH=/home/trana41/irobot_ws/build/nav_pkg/prefix_override:/home/trana41/irobot_ws/install/nav_pkg/lib/python3.10/site-packages:${PYTHONPATH} /usr/bin/python3 setup.py egg_info --egg-base ../../build/nav_pkg build --build-base /home/trana41/irobot_ws/build/nav_pkg/build install --record /home/trana41/irobot_ws/build/nav_pkg/install.log --single-version-externally-managed
[5.662s] running egg_info
[5.663s] writing ../../build/nav_pkg/nav_pkg.egg-info/PKG-INFO
[5.664s] writing dependency_links to ../../build/nav_pkg/nav_pkg.egg-info/dependency_links.txt
[5.664s] writing entry points to ../../build/nav_pkg/nav_pkg.egg-info/entry_points.txt
[5.665s] writing requirements to ../../build/nav_pkg/nav_pkg.egg-info/requires.txt
[5.665s] writing top-level names to ../../build/nav_pkg/nav_pkg.egg-info/top_level.txt
[5.708s] reading manifest file '../../build/nav_pkg/nav_pkg.egg-info/SOURCES.txt'
[5.715s] writing manifest file '../../build/nav_pkg/nav_pkg.egg-info/SOURCES.txt'
[5.715s] running build
[5.715s] running build_py
[5.716s] copying nav_pkg/navigation_node.py -> /home/trana41/irobot_ws/build/nav_pkg/build/lib/nav_pkg
[5.718s] running install
[5.718s] running install_lib
[5.722s] copying /home/trana41/irobot_ws/build/nav_pkg/build/lib/nav_pkg/navigation_node.py -> /home/trana41/irobot_ws/install/nav_pkg/lib/python3.10/site-packages/nav_pkg
[5.726s] byte-compiling /home/trana41/irobot_ws/install/nav_pkg/lib/python3.10/site-packages/nav_pkg/navigation_node.py to navigation_node.cpython-310.pyc
[5.731s] running install_data
[5.732s] running install_egg_info
[5.734s] removing '/home/trana41/irobot_ws/install/nav_pkg/lib/python3.10/site-packages/nav_pkg-0.0.0-py3.10.egg-info' (and everything under it)
[5.744s] Copying ../../build/nav_pkg/nav_pkg.egg-info to /home/trana41/irobot_ws/install/nav_pkg/lib/python3.10/site-packages/nav_pkg-0.0.0-py3.10.egg-info
[5.770s] running install_scripts
[5.800s] Installing test_nav_node script to /home/trana41/irobot_ws/install/nav_pkg/lib/nav_pkg
[5.801s] writing list of installed files to '/home/trana41/irobot_ws/build/nav_pkg/install.log'
[5.836s] Invoked command in '/home/trana41/irobot_ws/src/nav_pkg' returned '0': PYTHONPATH=/home/trana41/irobot_ws/build/nav_pkg/prefix_override:/home/trana41/irobot_ws/install/nav_pkg/lib/python3.10/site-packages:${PYTHONPATH} /usr/bin/python3 setup.py egg_info --egg-base ../../build/nav_pkg build --build-base /home/trana41/irobot_ws/build/nav_pkg/build install --record /home/trana41/irobot_ws/build/nav_pkg/install.log --single-version-externally-managed
