[1.213s] Invoking command in '/home/trana41/irobot_ws/src/nav_pkg': PYTHONPATH=/home/trana41/irobot_ws/build/nav_pkg/prefix_override:/home/trana41/irobot_ws/install/nav_pkg/lib/python3.10/site-packages:${PYTHONPATH} /usr/bin/python3 setup.py egg_info --egg-base ../../build/nav_pkg build --build-base /home/trana41/irobot_ws/build/nav_pkg/build install --record /home/trana41/irobot_ws/build/nav_pkg/install.log --single-version-externally-managed
[1.615s] running egg_info
[1.616s] writing ../../build/nav_pkg/nav_pkg.egg-info/PKG-INFO
[1.617s] writing dependency_links to ../../build/nav_pkg/nav_pkg.egg-info/dependency_links.txt
[1.617s] writing entry points to ../../build/nav_pkg/nav_pkg.egg-info/entry_points.txt
[1.618s] writing requirements to ../../build/nav_pkg/nav_pkg.egg-info/requires.txt
[1.618s] writing top-level names to ../../build/nav_pkg/nav_pkg.egg-info/top_level.txt
[1.624s] reading manifest file '../../build/nav_pkg/nav_pkg.egg-info/SOURCES.txt'
[1.625s] writing manifest file '../../build/nav_pkg/nav_pkg.egg-info/SOURCES.txt'
[1.625s] running build
[1.625s] running build_py
[1.626s] copying nav_pkg/navigation_node.py -> /home/trana41/irobot_ws/build/nav_pkg/build/lib/nav_pkg
[1.628s] running install
[1.628s] running install_lib
[1.630s] copying /home/trana41/irobot_ws/build/nav_pkg/build/lib/nav_pkg/navigation_node.py -> /home/trana41/irobot_ws/install/nav_pkg/lib/python3.10/site-packages/nav_pkg
[1.632s] byte-compiling /home/trana41/irobot_ws/install/nav_pkg/lib/python3.10/site-packages/nav_pkg/navigation_node.py to navigation_node.cpython-310.pyc
[1.637s] running install_data
[1.637s] running install_egg_info
[1.640s] removing '/home/trana41/irobot_ws/install/nav_pkg/lib/python3.10/site-packages/nav_pkg-0.0.0-py3.10.egg-info' (and everything under it)
[1.647s] Copying ../../build/nav_pkg/nav_pkg.egg-info to /home/trana41/irobot_ws/install/nav_pkg/lib/python3.10/site-packages/nav_pkg-0.0.0-py3.10.egg-info
[1.661s] running install_scripts
[1.690s] Installing test_nav_node script to /home/trana41/irobot_ws/install/nav_pkg/lib/nav_pkg
[1.690s] writing list of installed files to '/home/trana41/irobot_ws/build/nav_pkg/install.log'
[1.719s] Invoked command in '/home/trana41/irobot_ws/src/nav_pkg' returned '0': PYTHONPATH=/home/trana41/irobot_ws/build/nav_pkg/prefix_override:/home/trana41/irobot_ws/install/nav_pkg/lib/python3.10/site-packages:${PYTHONPATH} /usr/bin/python3 setup.py egg_info --egg-base ../../build/nav_pkg build --build-base /home/trana41/irobot_ws/build/nav_pkg/build install --record /home/trana41/irobot_ws/build/nav_pkg/install.log --single-version-externally-managed
