[2.238s] Invoking command in '/home/trana41/irobot_ws/src/nav_pkg': PYTHONPATH=/home/trana41/irobot_ws/build/nav_pkg/prefix_override:/home/trana41/irobot_ws/install/nav_pkg/lib/python3.10/site-packages:${PYTHONPATH} /usr/bin/python3 setup.py egg_info --egg-base ../../build/nav_pkg build --build-base /home/trana41/irobot_ws/build/nav_pkg/build install --record /home/trana41/irobot_ws/build/nav_pkg/install.log --single-version-externally-managed
[3.103s] running egg_info
[3.105s] writing ../../build/nav_pkg/nav_pkg.egg-info/PKG-INFO
[3.106s] writing dependency_links to ../../build/nav_pkg/nav_pkg.egg-info/dependency_links.txt
[3.155s] writing entry points to ../../build/nav_pkg/nav_pkg.egg-info/entry_points.txt
[3.156s] writing requirements to ../../build/nav_pkg/nav_pkg.egg-info/requires.txt
[3.157s] writing top-level names to ../../build/nav_pkg/nav_pkg.egg-info/top_level.txt
[3.158s] reading manifest file '../../build/nav_pkg/nav_pkg.egg-info/SOURCES.txt'
[3.159s] writing manifest file '../../build/nav_pkg/nav_pkg.egg-info/SOURCES.txt'
[3.159s] running build
[3.160s] running build_py
[3.161s] copying nav_pkg/basic_navigation.py -> /home/trana41/irobot_ws/build/nav_pkg/build/lib/nav_pkg
[3.161s] running install
[3.162s] running install_lib
[3.162s] copying /home/trana41/irobot_ws/build/nav_pkg/build/lib/nav_pkg/basic_navigation.py -> /home/trana41/irobot_ws/install/nav_pkg/lib/python3.10/site-packages/nav_pkg
[3.162s] byte-compiling /home/trana41/irobot_ws/install/nav_pkg/lib/python3.10/site-packages/nav_pkg/basic_navigation.py to basic_navigation.cpython-310.pyc
[3.163s] running install_data
[3.163s] running install_egg_info
[3.166s] removing '/home/trana41/irobot_ws/install/nav_pkg/lib/python3.10/site-packages/nav_pkg-0.0.0-py3.10.egg-info' (and everything under it)
[3.186s] Copying ../../build/nav_pkg/nav_pkg.egg-info to /home/trana41/irobot_ws/install/nav_pkg/lib/python3.10/site-packages/nav_pkg-0.0.0-py3.10.egg-info
[3.214s] running install_scripts
[3.293s] Installing basic_navigation script to /home/trana41/irobot_ws/install/nav_pkg/lib/nav_pkg
[3.295s] writing list of installed files to '/home/trana41/irobot_ws/build/nav_pkg/install.log'
[3.413s] Invoked command in '/home/trana41/irobot_ws/src/nav_pkg' returned '0': PYTHONPATH=/home/trana41/irobot_ws/build/nav_pkg/prefix_override:/home/trana41/irobot_ws/install/nav_pkg/lib/python3.10/site-packages:${PYTHONPATH} /usr/bin/python3 setup.py egg_info --egg-base ../../build/nav_pkg build --build-base /home/trana41/irobot_ws/build/nav_pkg/build install --record /home/trana41/irobot_ws/build/nav_pkg/install.log --single-version-externally-managed
