[13.613s] Invoking command in '/home/trana41/irobot_ws/src/nav_pkg': PYTHONPATH=/home/trana41/irobot_ws/build/nav_pkg/prefix_override:/home/trana41/irobot_ws/install/nav_pkg/lib/python3.10/site-packages:${PYTHONPATH} /usr/bin/python3 setup.py egg_info --egg-base ../../build/nav_pkg build --build-base /home/trana41/irobot_ws/build/nav_pkg/build install --record /home/trana41/irobot_ws/build/nav_pkg/install.log --single-version-externally-managed
[15.047s] running egg_info
[15.082s] writing ../../build/nav_pkg/nav_pkg.egg-info/PKG-INFO
[15.083s] writing dependency_links to ../../build/nav_pkg/nav_pkg.egg-info/dependency_links.txt
[15.089s] writing entry points to ../../build/nav_pkg/nav_pkg.egg-info/entry_points.txt
[15.090s] writing requirements to ../../build/nav_pkg/nav_pkg.egg-info/requires.txt
[15.090s] writing top-level names to ../../build/nav_pkg/nav_pkg.egg-info/top_level.txt
[15.211s] reading manifest file '../../build/nav_pkg/nav_pkg.egg-info/SOURCES.txt'
[15.236s] writing manifest file '../../build/nav_pkg/nav_pkg.egg-info/SOURCES.txt'
[15.237s] running build
[15.237s] running build_py
[15.237s] copying nav_pkg/basic_navigation.py -> /home/trana41/irobot_ws/build/nav_pkg/build/lib/nav_pkg
[15.238s] running install
[15.238s] running install_lib
[15.238s] copying /home/trana41/irobot_ws/build/nav_pkg/build/lib/nav_pkg/basic_navigation.py -> /home/trana41/irobot_ws/install/nav_pkg/lib/python3.10/site-packages/nav_pkg
[15.245s] byte-compiling /home/trana41/irobot_ws/install/nav_pkg/lib/python3.10/site-packages/nav_pkg/basic_navigation.py to basic_navigation.cpython-310.pyc
[15.255s] running install_data
[15.258s] running install_egg_info
[15.278s] removing '/home/trana41/irobot_ws/install/nav_pkg/lib/python3.10/site-packages/nav_pkg-0.0.0-py3.10.egg-info' (and everything under it)
[15.278s] Copying ../../build/nav_pkg/nav_pkg.egg-info to /home/trana41/irobot_ws/install/nav_pkg/lib/python3.10/site-packages/nav_pkg-0.0.0-py3.10.egg-info
[15.366s] running install_scripts
[15.424s] Installing basic_navigation script to /home/trana41/irobot_ws/install/nav_pkg/lib/nav_pkg
[15.426s] writing list of installed files to '/home/trana41/irobot_ws/build/nav_pkg/install.log'
[15.475s] Invoked command in '/home/trana41/irobot_ws/src/nav_pkg' returned '0': PYTHONPATH=/home/trana41/irobot_ws/build/nav_pkg/prefix_override:/home/trana41/irobot_ws/install/nav_pkg/lib/python3.10/site-packages:${PYTHONPATH} /usr/bin/python3 setup.py egg_info --egg-base ../../build/nav_pkg build --build-base /home/trana41/irobot_ws/build/nav_pkg/build install --record /home/trana41/irobot_ws/build/nav_pkg/install.log --single-version-externally-managed
