[1.248s] Invoking command in '/home/trana41/irobot_ws/src/nav_pkg': PYTHONPATH=/home/trana41/irobot_ws/build/nav_pkg/prefix_override:/home/trana41/irobot_ws/install/nav_pkg/lib/python3.10/site-packages:${PYTHONPATH} /usr/bin/python3 setup.py egg_info --egg-base ../../build/nav_pkg build --build-base /home/trana41/irobot_ws/build/nav_pkg/build install --record /home/trana41/irobot_ws/build/nav_pkg/install.log --single-version-externally-managed
[1.669s] running egg_info
[1.669s] writing ../../build/nav_pkg/nav_pkg.egg-info/PKG-INFO
[1.670s] writing dependency_links to ../../build/nav_pkg/nav_pkg.egg-info/dependency_links.txt
[1.678s] writing entry points to ../../build/nav_pkg/nav_pkg.egg-info/entry_points.txt
[1.678s] writing requirements to ../../build/nav_pkg/nav_pkg.egg-info/requires.txt
[1.678s] writing top-level names to ../../build/nav_pkg/nav_pkg.egg-info/top_level.txt
[1.678s] reading manifest file '../../build/nav_pkg/nav_pkg.egg-info/SOURCES.txt'
[1.679s] writing manifest file '../../build/nav_pkg/nav_pkg.egg-info/SOURCES.txt'
[1.679s] running build
[1.679s] running build_py
[1.680s] copying nav_pkg/basic_navigation.py -> /home/trana41/irobot_ws/build/nav_pkg/build/lib/nav_pkg
[1.680s] running install
[1.681s] running install_lib
[1.682s] copying /home/trana41/irobot_ws/build/nav_pkg/build/lib/nav_pkg/basic_navigation.py -> /home/trana41/irobot_ws/install/nav_pkg/lib/python3.10/site-packages/nav_pkg
[1.685s] byte-compiling /home/trana41/irobot_ws/install/nav_pkg/lib/python3.10/site-packages/nav_pkg/basic_navigation.py to basic_navigation.cpython-310.pyc
[1.689s] running install_data
[1.690s] running install_egg_info
[1.693s] removing '/home/trana41/irobot_ws/install/nav_pkg/lib/python3.10/site-packages/nav_pkg-0.0.0-py3.10.egg-info' (and everything under it)
[1.701s] Copying ../../build/nav_pkg/nav_pkg.egg-info to /home/trana41/irobot_ws/install/nav_pkg/lib/python3.10/site-packages/nav_pkg-0.0.0-py3.10.egg-info
[1.711s] running install_scripts
[1.736s] Installing basic_navigation script to /home/trana41/irobot_ws/install/nav_pkg/lib/nav_pkg
[1.737s] writing list of installed files to '/home/trana41/irobot_ws/build/nav_pkg/install.log'
[1.762s] Invoked command in '/home/trana41/irobot_ws/src/nav_pkg' returned '0': PYTHONPATH=/home/trana41/irobot_ws/build/nav_pkg/prefix_override:/home/trana41/irobot_ws/install/nav_pkg/lib/python3.10/site-packages:${PYTHONPATH} /usr/bin/python3 setup.py egg_info --egg-base ../../build/nav_pkg build --build-base /home/trana41/irobot_ws/build/nav_pkg/build install --record /home/trana41/irobot_ws/build/nav_pkg/install.log --single-version-externally-managed
