[5.472s] Invoking command in '/home/trana41/irobot_ws/src/nav_pkg': PYTHONPATH=/home/trana41/irobot_ws/build/nav_pkg/prefix_override:/home/trana41/irobot_ws/install/nav_pkg/lib/python3.10/site-packages:${PYTHONPATH} /usr/bin/python3 setup.py egg_info --egg-base ../../build/nav_pkg build --build-base /home/trana41/irobot_ws/build/nav_pkg/build install --record /home/trana41/irobot_ws/build/nav_pkg/install.log --single-version-externally-managed
[5.905s] running egg_info
[5.906s] writing ../../build/nav_pkg/nav_pkg.egg-info/PKG-INFO
[5.914s] writing dependency_links to ../../build/nav_pkg/nav_pkg.egg-info/dependency_links.txt
[5.915s] writing entry points to ../../build/nav_pkg/nav_pkg.egg-info/entry_points.txt
[5.916s] writing requirements to ../../build/nav_pkg/nav_pkg.egg-info/requires.txt
[5.916s] writing top-level names to ../../build/nav_pkg/nav_pkg.egg-info/top_level.txt
[5.950s] reading manifest file '../../build/nav_pkg/nav_pkg.egg-info/SOURCES.txt'
[5.958s] writing manifest file '../../build/nav_pkg/nav_pkg.egg-info/SOURCES.txt'
[5.959s] running build
[5.959s] running build_py
[5.959s] running install
[5.960s] running install_lib
[5.963s] running install_data
[5.965s] running install_egg_info
[5.968s] removing '/home/trana41/irobot_ws/install/nav_pkg/lib/python3.10/site-packages/nav_pkg-0.0.0-py3.10.egg-info' (and everything under it)
[5.976s] Copying ../../build/nav_pkg/nav_pkg.egg-info to /home/trana41/irobot_ws/install/nav_pkg/lib/python3.10/site-packages/nav_pkg-0.0.0-py3.10.egg-info
[6.005s] running install_scripts
[6.036s] Installing test_nav_node script to /home/trana41/irobot_ws/install/nav_pkg/lib/nav_pkg
[6.036s] writing list of installed files to '/home/trana41/irobot_ws/build/nav_pkg/install.log'
[6.064s] Invoked command in '/home/trana41/irobot_ws/src/nav_pkg' returned '0': PYTHONPATH=/home/trana41/irobot_ws/build/nav_pkg/prefix_override:/home/trana41/irobot_ws/install/nav_pkg/lib/python3.10/site-packages:${PYTHONPATH} /usr/bin/python3 setup.py egg_info --egg-base ../../build/nav_pkg build --build-base /home/trana41/irobot_ws/build/nav_pkg/build install --record /home/trana41/irobot_ws/build/nav_pkg/install.log --single-version-externally-managed
