[1.133s] Invoking command in '/home/trana41/irobot_ws/src/nav_pkg': PYTHONPATH=/home/trana41/irobot_ws/build/nav_pkg/prefix_override:/home/trana41/irobot_ws/install/nav_pkg/lib/python3.10/site-packages:${PYTHONPATH} /usr/bin/python3 setup.py egg_info --egg-base ../../build/nav_pkg build --build-base /home/trana41/irobot_ws/build/nav_pkg/build install --record /home/trana41/irobot_ws/build/nav_pkg/install.log --single-version-externally-managed
[1.534s] running egg_info
[1.535s] writing ../../build/nav_pkg/nav_pkg.egg-info/PKG-INFO
[1.535s] writing dependency_links to ../../build/nav_pkg/nav_pkg.egg-info/dependency_links.txt
[1.544s] writing entry points to ../../build/nav_pkg/nav_pkg.egg-info/entry_points.txt
[1.545s] writing requirements to ../../build/nav_pkg/nav_pkg.egg-info/requires.txt
[1.545s] writing top-level names to ../../build/nav_pkg/nav_pkg.egg-info/top_level.txt
[1.545s] reading manifest file '../../build/nav_pkg/nav_pkg.egg-info/SOURCES.txt'
[1.545s] writing manifest file '../../build/nav_pkg/nav_pkg.egg-info/SOURCES.txt'
[1.545s] running build
[1.546s] running build_py
[1.546s] copying nav_pkg/basic_navigation.py -> /home/trana41/irobot_ws/build/nav_pkg/build/lib/nav_pkg
[1.547s] running install
[1.547s] running install_lib
[1.548s] copying /home/trana41/irobot_ws/build/nav_pkg/build/lib/nav_pkg/basic_navigation.py -> /home/trana41/irobot_ws/install/nav_pkg/lib/python3.10/site-packages/nav_pkg
[1.551s] byte-compiling /home/trana41/irobot_ws/install/nav_pkg/lib/python3.10/site-packages/nav_pkg/basic_navigation.py to basic_navigation.cpython-310.pyc
[1.555s] running install_data
[1.556s] running install_egg_info
[1.558s] removing '/home/trana41/irobot_ws/install/nav_pkg/lib/python3.10/site-packages/nav_pkg-0.0.0-py3.10.egg-info' (and everything under it)
[1.565s] Copying ../../build/nav_pkg/nav_pkg.egg-info to /home/trana41/irobot_ws/install/nav_pkg/lib/python3.10/site-packages/nav_pkg-0.0.0-py3.10.egg-info
[1.580s] running install_scripts
[1.605s] Installing basic_navigation script to /home/trana41/irobot_ws/install/nav_pkg/lib/nav_pkg
[1.606s] writing list of installed files to '/home/trana41/irobot_ws/build/nav_pkg/install.log'
[1.632s] Invoked command in '/home/trana41/irobot_ws/src/nav_pkg' returned '0': PYTHONPATH=/home/trana41/irobot_ws/build/nav_pkg/prefix_override:/home/trana41/irobot_ws/install/nav_pkg/lib/python3.10/site-packages:${PYTHONPATH} /usr/bin/python3 setup.py egg_info --egg-base ../../build/nav_pkg build --build-base /home/trana41/irobot_ws/build/nav_pkg/build install --record /home/trana41/irobot_ws/build/nav_pkg/install.log --single-version-externally-managed
