[2.344s] Invoking command in '/home/trana41/irobot_ws/src/nav_pkg': PYTHONPATH=/home/trana41/irobot_ws/build/nav_pkg/prefix_override:/home/trana41/irobot_ws/install/nav_pkg/lib/python3.10/site-packages:${PYTHONPATH} /usr/bin/python3 setup.py egg_info --egg-base ../../build/nav_pkg build --build-base /home/trana41/irobot_ws/build/nav_pkg/build install --record /home/trana41/irobot_ws/build/nav_pkg/install.log --single-version-externally-managed
[3.161s] running egg_info
[3.162s] writing ../../build/nav_pkg/nav_pkg.egg-info/PKG-INFO
[3.164s] writing dependency_links to ../../build/nav_pkg/nav_pkg.egg-info/dependency_links.txt
[3.214s] writing entry points to ../../build/nav_pkg/nav_pkg.egg-info/entry_points.txt
[3.214s] writing requirements to ../../build/nav_pkg/nav_pkg.egg-info/requires.txt
[3.214s] writing top-level names to ../../build/nav_pkg/nav_pkg.egg-info/top_level.txt
[3.215s] reading manifest file '../../build/nav_pkg/nav_pkg.egg-info/SOURCES.txt'
[3.215s] writing manifest file '../../build/nav_pkg/nav_pkg.egg-info/SOURCES.txt'
[3.216s] running build
[3.216s] running build_py
[3.217s] copying nav_pkg/test.py -> /home/trana41/irobot_ws/build/nav_pkg/build/lib/nav_pkg
[3.217s] running install
[3.218s] running install_lib
[3.218s] copying /home/trana41/irobot_ws/build/nav_pkg/build/lib/nav_pkg/test.py -> /home/trana41/irobot_ws/install/nav_pkg/lib/python3.10/site-packages/nav_pkg
[3.218s] byte-compiling /home/trana41/irobot_ws/install/nav_pkg/lib/python3.10/site-packages/nav_pkg/test.py to test.cpython-310.pyc
[3.240s] running install_data
[3.242s] running install_egg_info
[3.249s] removing '/home/trana41/irobot_ws/install/nav_pkg/lib/python3.10/site-packages/nav_pkg-0.0.0-py3.10.egg-info' (and everything under it)
[3.269s] Copying ../../build/nav_pkg/nav_pkg.egg-info to /home/trana41/irobot_ws/install/nav_pkg/lib/python3.10/site-packages/nav_pkg-0.0.0-py3.10.egg-info
[3.323s] running install_scripts
[3.401s] Installing test script to /home/trana41/irobot_ws/install/nav_pkg/lib/nav_pkg
[3.406s] writing list of installed files to '/home/trana41/irobot_ws/build/nav_pkg/install.log'
[3.516s] Invoked command in '/home/trana41/irobot_ws/src/nav_pkg' returned '0': PYTHONPATH=/home/trana41/irobot_ws/build/nav_pkg/prefix_override:/home/trana41/irobot_ws/install/nav_pkg/lib/python3.10/site-packages:${PYTHONPATH} /usr/bin/python3 setup.py egg_info --egg-base ../../build/nav_pkg build --build-base /home/trana41/irobot_ws/build/nav_pkg/build install --record /home/trana41/irobot_ws/build/nav_pkg/install.log --single-version-externally-managed
