/home/trana41/irobot_ws/install/nav_pkg/lib/python3.10/site-packages/nav_pkg/__init__.py
/home/trana41/irobot_ws/install/nav_pkg/lib/python3.10/site-packages/nav_pkg/basic_navigation.py
/home/trana41/irobot_ws/install/nav_pkg/lib/python3.10/site-packages/nav_pkg/basic_navigation_2.py
/home/trana41/irobot_ws/install/nav_pkg/lib/python3.10/site-packages/nav_pkg/navigation_node.py
/home/trana41/irobot_ws/install/nav_pkg/lib/python3.10/site-packages/nav_pkg/test.py
/home/trana41/irobot_ws/install/nav_pkg/lib/python3.10/site-packages/nav_pkg/__pycache__/__init__.cpython-310.pyc
/home/trana41/irobot_ws/install/nav_pkg/lib/python3.10/site-packages/nav_pkg/__pycache__/basic_navigation.cpython-310.pyc
/home/trana41/irobot_ws/install/nav_pkg/lib/python3.10/site-packages/nav_pkg/__pycache__/basic_navigation_2.cpython-310.pyc
/home/trana41/irobot_ws/install/nav_pkg/lib/python3.10/site-packages/nav_pkg/__pycache__/navigation_node.cpython-310.pyc
/home/trana41/irobot_ws/install/nav_pkg/lib/python3.10/site-packages/nav_pkg/__pycache__/test.cpython-310.pyc
/home/trana41/irobot_ws/install/nav_pkg/share/ament_index/resource_index/packages/nav_pkg
/home/trana41/irobot_ws/install/nav_pkg/share/nav_pkg/package.xml
/home/trana41/irobot_ws/install/nav_pkg/lib/python3.10/site-packages/nav_pkg-0.0.0-py3.10.egg-info/PKG-INFO
/home/trana41/irobot_ws/install/nav_pkg/lib/python3.10/site-packages/nav_pkg-0.0.0-py3.10.egg-info/SOURCES.txt
/home/trana41/irobot_ws/install/nav_pkg/lib/python3.10/site-packages/nav_pkg-0.0.0-py3.10.egg-info/dependency_links.txt
/home/trana41/irobot_ws/install/nav_pkg/lib/python3.10/site-packages/nav_pkg-0.0.0-py3.10.egg-info/entry_points.txt
/home/trana41/irobot_ws/install/nav_pkg/lib/python3.10/site-packages/nav_pkg-0.0.0-py3.10.egg-info/requires.txt
/home/trana41/irobot_ws/install/nav_pkg/lib/python3.10/site-packages/nav_pkg-0.0.0-py3.10.egg-info/top_level.txt
/home/trana41/irobot_ws/install/nav_pkg/lib/python3.10/site-packages/nav_pkg-0.0.0-py3.10.egg-info/zip-safe
/home/trana41/irobot_ws/install/nav_pkg/lib/nav_pkg/basic_navigation
