[1.285s] Invoking command in '/home/trana41/irobot_ws/src/nav_pkg': PYTHONPATH=/home/trana41/irobot_ws/build/nav_pkg/prefix_override:/home/trana41/irobot_ws/install/nav_pkg/lib/python3.10/site-packages:${PYTHONPATH} /usr/bin/python3 setup.py egg_info --egg-base ../../build/nav_pkg build --build-base /home/trana41/irobot_ws/build/nav_pkg/build install --record /home/trana41/irobot_ws/build/nav_pkg/install.log --single-version-externally-managed
[1.719s] running egg_info
[1.720s] writing ../../build/nav_pkg/nav_pkg.egg-info/PKG-INFO
[1.720s] writing dependency_links to ../../build/nav_pkg/nav_pkg.egg-info/dependency_links.txt
[1.729s] writing entry points to ../../build/nav_pkg/nav_pkg.egg-info/entry_points.txt
[1.729s] writing requirements to ../../build/nav_pkg/nav_pkg.egg-info/requires.txt
[1.730s] writing top-level names to ../../build/nav_pkg/nav_pkg.egg-info/top_level.txt
[1.730s] reading manifest file '../../build/nav_pkg/nav_pkg.egg-info/SOURCES.txt'
[1.730s] writing manifest file '../../build/nav_pkg/nav_pkg.egg-info/SOURCES.txt'
[1.730s] running build
[1.731s] running build_py
[1.731s] copying nav_pkg/navigation_node.py -> /home/trana41/irobot_ws/build/nav_pkg/build/lib/nav_pkg
[1.731s] running install
[1.731s] running install_lib
[1.732s] copying /home/trana41/irobot_ws/build/nav_pkg/build/lib/nav_pkg/navigation_node.py -> /home/trana41/irobot_ws/install/nav_pkg/lib/python3.10/site-packages/nav_pkg
[1.736s] byte-compiling /home/trana41/irobot_ws/install/nav_pkg/lib/python3.10/site-packages/nav_pkg/navigation_node.py to navigation_node.cpython-310.pyc
[1.740s] running install_data
[1.741s] running install_egg_info
[1.743s] removing '/home/trana41/irobot_ws/install/nav_pkg/lib/python3.10/site-packages/nav_pkg-0.0.0-py3.10.egg-info' (and everything under it)
[1.750s] Copying ../../build/nav_pkg/nav_pkg.egg-info to /home/trana41/irobot_ws/install/nav_pkg/lib/python3.10/site-packages/nav_pkg-0.0.0-py3.10.egg-info
[1.760s] running install_scripts
[1.792s] Installing test_nav_node script to /home/trana41/irobot_ws/install/nav_pkg/lib/nav_pkg
[1.792s] writing list of installed files to '/home/trana41/irobot_ws/build/nav_pkg/install.log'
[1.821s] Invoked command in '/home/trana41/irobot_ws/src/nav_pkg' returned '0': PYTHONPATH=/home/trana41/irobot_ws/build/nav_pkg/prefix_override:/home/trana41/irobot_ws/install/nav_pkg/lib/python3.10/site-packages:${PYTHONPATH} /usr/bin/python3 setup.py egg_info --egg-base ../../build/nav_pkg build --build-base /home/trana41/irobot_ws/build/nav_pkg/build install --record /home/trana41/irobot_ws/build/nav_pkg/install.log --single-version-externally-managed
